<?xml version="1.0" encoding="UTF-8"?>
<!-- Generated by org.testng.reporters.JUnitXMLReporter -->
<testsuite ignored="0" hostname="ASUSAMD1504" failures="0" tests="10" name="Default test" time="36.277" errors="0" timestamp="2024-10-27T22:26:57 GMT+03:00">
  <testcase classname="HomePage.TestCases" name="checkDefaultLanguageIsEnglish" time="0.025"/>
  <testcase classname="HomePage.TestCases" name="CheckDefaultCurrency" time="0.02"/>
  <testcase classname="HomePage.TestCases" name="CheckContactNumber" time="0.019"/>
  <testcase classname="HomePage.TestCases" name="CheckQitafLogo" time="0.027"/>
  <testcase classname="HomePage.TestCases" name="CheckSaysTabIsnotSelected" time="0.016"/>
  <testcase classname="HomePage.TestCases" name="CheckDepartureDate" time="0.025"/>
  <testcase classname="HomePage.TestCases" name="RandomlyChangeTheLanguage" time="0.57"/>
  <testcase classname="HomePage.TestCases" name="FillStayTab" time="0.644"/>
  <testcase classname="HomePage.TestCases" name="RandomlySelectNumbersOfVisitors" time="1.838"/>
  <testcase classname="HomePage.TestCases" name="CheckLoadingBarFullyCompleted" time="29.127"/>
</testsuite> <!-- Default test -->
